<?xml version="1.0" encoding="UTF-8"?>
<!-- Generated by org.testng.reporters.JUnitReportReporter -->
<testsuite hostname="Annam_Deepak" failures="0" tests="4" name="com.scart.testcases.TC04_FetchOrdersBasedOnGivenEmailTest" time="52.396" errors="0" timestamp="2024-11-07T21:32:27 IST" skipped="0">
  <testcase classname="com.scart.testcases.TC04_FetchOrdersBasedOnGivenEmailTest" name="getOrdersTableDataAndWriteIntoExcel" time="35.614"/>
  <testcase classname="com.scart.testcases.TC04_FetchOrdersBasedOnGivenEmailTest" name="verifyLogin" time="3.921"/>
  <testcase classname="com.scart.testcases.TC04_FetchOrdersBasedOnGivenEmailTest" name="filterOrdersListBasedOnEnteredEmail" time="6.273"/>
  <testcase classname="com.scart.testcases.TC04_FetchOrdersBasedOnGivenEmailTest" name="sortOrdersListBasedonAscendingOrderOfDate" time="6.588"/>
</testsuite> <!-- com.scart.testcases.TC04_FetchOrdersBasedOnGivenEmailTest -->
