<?xml version="1.0" encoding="UTF-8"?>
<!-- Generated by org.testng.reporters.JUnitReportReporter -->
<testsuite hostname="Annam_Deepak" failures="0" tests="3" name="com.scart.testcases.TC03_VerifyLinksInMenuSectionTest" time="18.782" errors="0" timestamp="2024-11-07T21:32:27 IST" skipped="0">
  <testcase classname="com.scart.testcases.TC03_VerifyLinksInMenuSectionTest" name="checkBrokenLinks" time="10.306"/>
  <testcase classname="com.scart.testcases.TC03_VerifyLinksInMenuSectionTest" name="verifySelectAllCheckboxFunctionality" time="4.287"/>
  <testcase classname="com.scart.testcases.TC03_VerifyLinksInMenuSectionTest" name="verifyLogin" time="4.189"/>
</testsuite> <!-- com.scart.testcases.TC03_VerifyLinksInMenuSectionTest -->
