<?xml version="1.0" encoding="UTF-8"?>
<!-- Generated by org.testng.reporters.JUnitReportReporter -->
<testsuite hostname="Annam_Deepak" failures="0" tests="4" name="com.scart.testcases.TC02_ThemeTest" time="8.793" errors="0" timestamp="2024-11-07T21:32:27 IST" skipped="0">
  <testcase classname="com.scart.testcases.TC02_ThemeTest" name="selectThemeOption" time="2.174"/>
  <testcase classname="com.scart.testcases.TC02_ThemeTest" name="verifyGridItemDimensionsConsistency" time="1.368"/>
  <testcase classname="com.scart.testcases.TC02_ThemeTest" name="verifyLogin" time="4.434"/>
  <testcase classname="com.scart.testcases.TC02_ThemeTest" name="menuButtonTest" time="0.817"/>
</testsuite> <!-- com.scart.testcases.TC02_ThemeTest -->
